<?xml version="1.0" encoding="UTF-8"?>
<!-- Generated by org.testng.reporters.JUnitReportReporter -->
<testsuite hostname="DESKTOP-T7LPE4F" failures="0" tests="1" name="Reporting.BaseTest" time="0.003" errors="0" timestamp="2023-06-29T00:50:24 SAST" skipped="0">
  <testcase classname="Reporting.BaseTest" name="exampleTest" time="0.003"/>
  <system-out/>
</testsuite> <!-- Reporting.BaseTest -->
