<?xml version="1.0" encoding="UTF-8"?>
<!-- Generated by org.testng.reporters.JUnitReportReporter -->
<testsuite hostname="DESKTOP-T7LPE4F" failures="0" tests="1" name="Reporting.TestCase" time="7.569" errors="0" timestamp="2023-06-30T14:24:41 SAST" skipped="0">
  <testcase classname="Reporting.TestCase" name="prodComp1" time="7.569"/>
  <system-out/>
</testsuite> <!-- Reporting.TestCase -->
