<?xml version="1.0" encoding="UTF-8"?>
<!-- Generated by org.testng.reporters.JUnitReportReporter -->
<testsuite hostname="DESKTOP-T7LPE4F" failures="0" tests="1" name="Utilities.ExcelData" time="0.945" errors="0" timestamp="2023-07-04T16:45:45 SAST" skipped="0">
  <testcase classname="Utilities.ExcelData" name="xlData" time="0.945"/>
  <system-out/>
</testsuite> <!-- Utilities.ExcelData -->
