<?xml version="1.0" encoding="UTF-8"?>
<!-- Generated by org.testng.reporters.JUnitReportReporter -->
<testsuite hostname="DESKTOP-T7LPE4F" failures="0" tests="2" name="Reporting.TestCase" time="39.138" errors="0" timestamp="2023-07-05T16:59:46 SAST" skipped="0">
  <testcase classname="Reporting.TestCase" name="TestCase5" time="18.121"/>
  <system-out/>
  <testcase classname="Reporting.TestCase" name="TestCase6" time="21.017"/>
  <system-out/>
</testsuite> <!-- Reporting.TestCase -->
