<?xml version="1.0" encoding="UTF-8"?>
<!-- Generated by org.testng.reporters.JUnitReportReporter -->
<testsuite hostname="DESKTOP-T7LPE4F" failures="0" tests="1" name="Reporting.TestCase" time="7.744" errors="0" timestamp="2023-07-01T04:02:47 SAST" skipped="0">
  <testcase classname="Reporting.TestCase" name="prodComp1" time="7.744"/>
  <system-out/>
</testsuite> <!-- Reporting.TestCase -->
