<?xml version="1.0" encoding="UTF-8"?>
<!-- Generated by org.testng.reporters.JUnitReportReporter -->
<testsuite hostname="DESKTOP-T7LPE4F" failures="0" tests="6" name="Reporting.TestCase" time="136.866" errors="0" timestamp="2023-07-06T09:14:34 SAST" skipped="0">
  <testcase classname="Reporting.TestCase" name="TestCase4" time="19.569"/>
  <system-out/>
  <testcase classname="Reporting.TestCase" name="TestCase6" time="60.627"/>
  <system-out/>
  <testcase classname="Reporting.TestCase" name="TestCase1" time="9.556"/>
  <system-out/>
  <testcase classname="Reporting.TestCase" name="TestCase3" time="19.234"/>
  <system-out/>
  <testcase classname="Reporting.TestCase" name="TestCase2" time="12.986"/>
  <system-out/>
  <testcase classname="Reporting.TestCase" name="TestCase5" time="14.894"/>
  <system-out/>
</testsuite> <!-- Reporting.TestCase -->
