<?xml version="1.0" encoding="UTF-8"?>
<!-- Generated by org.testng.reporters.JUnitReportReporter -->
<testsuite hostname="DESKTOP-T7LPE4F" failures="0" tests="3" name="Reporting.TestCase" time="25.913" errors="0" timestamp="2023-07-03T15:37:41 SAST" skipped="0">
  <testcase classname="Reporting.TestCase" name="TestCase1" time="7.293"/>
  <system-out/>
  <testcase classname="Reporting.TestCase" name="TestCase2" time="7.940"/>
  <system-out/>
  <testcase classname="Reporting.TestCase" name="TestCase3" time="10.680"/>
  <system-out/>
</testsuite> <!-- Reporting.TestCase -->
